<?xml version="1.0" encoding="UTF-8"?>
<!-- Generated by org.testng.reporters.JUnitXMLReporter -->
<testsuite hostname="telra04mac1233" name="Default test" tests="6" failures="0" timestamp="2 Dec 2018 11:10:48 GMT" time="7.131" errors="0">
  <testcase name="verifybaseURIStatusCode" time="1.975" classname="com.cloudelements.userapi.UserAPI"/>
  <testcase name="getUserApiStatusCodeandContentType" time="1.1" classname="com.cloudelements.userapi.UserAPI"/>
  <testcase name="getSpecificUserDetails" time="1.016" classname="com.cloudelements.userapi.UserAPI"/>
  <testcase name="getNonExistentUserDetails" time="1.038" classname="com.cloudelements.userapi.UserAPI"/>
  <testcase name="createUser_testingPostMethod" time="0.841" classname="com.cloudelements.userapi.UserAPI"/>
  <testcase name="updateUser_testingPutMethod" time="0.87" classname="com.cloudelements.userapi.UserAPI"/>
</testsuite> <!-- Default test -->
